c:\users\alexm\source\repos\simulatedannealingalgorithm\simulatedannealingalgorithm\x64\debug\vc142.pdb
c:\users\alexm\source\repos\simulatedannealingalgorithm\simulatedannealingalgorithm\x64\debug\mainform.obj
c:\users\alexm\source\repos\simulatedannealingalgorithm\simulatedannealingalgorithm\x64\debug\graph.obj
c:\users\alexm\source\repos\simulatedannealingalgorithm\simulatedannealingalgorithm\x64\debug\.netframework,version=v4.7.2.assemblyattributes.obj
c:\users\alexm\source\repos\simulatedannealingalgorithm\simulatedannealingalgorithm\x64\debug\.netframework,version=v4.7.2.assemblyattributes.asm
c:\users\alexm\source\repos\simulatedannealingalgorithm\x64\debug\simulatedannealingalgorithm.exe
c:\users\alexm\source\repos\simulatedannealingalgorithm\x64\debug\simulatedannealingalgorithm.pdb
c:\users\alexm\source\repos\simulatedannealingalgorithm\simulatedannealingalgorithm\x64\debug\simulatedannealingalgorithm.res
c:\users\alexm\source\repos\simulatedannealingalgorithm\simulatedannealingalgorithm\x64\debug\simulatedannealingalgorithm.mainform.resources
c:\users\alexm\source\repos\simulatedannealingalgorithm\simulatedannealingalgorithm\x64\debug\simulatedannealingalgorithm.vcxproj.generateresource.cache
c:\users\alexm\source\repos\simulatedannealingalgorithm\simulatedannealingalgorithm\x64\debug\simulate.5585923f.tlog\cl.command.1.tlog
c:\users\alexm\source\repos\simulatedannealingalgorithm\simulatedannealingalgorithm\x64\debug\simulate.5585923f.tlog\cl.read.1.tlog
c:\users\alexm\source\repos\simulatedannealingalgorithm\simulatedannealingalgorithm\x64\debug\simulate.5585923f.tlog\cl.write.1.tlog
c:\users\alexm\source\repos\simulatedannealingalgorithm\simulatedannealingalgorithm\x64\debug\simulate.5585923f.tlog\link.command.1.tlog
c:\users\alexm\source\repos\simulatedannealingalgorithm\simulatedannealingalgorithm\x64\debug\simulate.5585923f.tlog\link.read.1.tlog
c:\users\alexm\source\repos\simulatedannealingalgorithm\simulatedannealingalgorithm\x64\debug\simulate.5585923f.tlog\link.write.1.tlog
c:\users\alexm\source\repos\simulatedannealingalgorithm\simulatedannealingalgorithm\x64\debug\simulate.5585923f.tlog\metagen.read.1.tlog
c:\users\alexm\source\repos\simulatedannealingalgorithm\simulatedannealingalgorithm\x64\debug\simulate.5585923f.tlog\metagen.write.1.tlog
c:\users\alexm\source\repos\simulatedannealingalgorithm\simulatedannealingalgorithm\x64\debug\simulate.5585923f.tlog\rc.command.1.tlog
c:\users\alexm\source\repos\simulatedannealingalgorithm\simulatedannealingalgorithm\x64\debug\simulate.5585923f.tlog\rc.read.1.tlog
c:\users\alexm\source\repos\simulatedannealingalgorithm\simulatedannealingalgorithm\x64\debug\simulate.5585923f.tlog\rc.write.1.tlog
c:\users\alexm\source\repos\simulatedannealingalgorithm\simulatedannealingalgorithm\x64\debug\simulate.5585923f.tlog\simulatedannealingalgorithm.write.1u.tlog
