c:\users\alexm\source\repos\simulatedannealingalgorithm\simulatedannealingalgorithm\x64\release\vc142.pdb
c:\users\alexm\source\repos\simulatedannealingalgorithm\simulatedannealingalgorithm\x64\release\.netframework,version=v4.7.2.assemblyattributes.obj
c:\users\alexm\source\repos\simulatedannealingalgorithm\simulatedannealingalgorithm\x64\release\.netframework,version=v4.7.2.assemblyattributes.asm
c:\users\alexm\source\repos\simulatedannealingalgorithm\simulatedannealingalgorithm\x64\release\graph.obj
c:\users\alexm\source\repos\simulatedannealingalgorithm\simulatedannealingalgorithm\x64\release\mainform.obj
c:\users\alexm\source\repos\simulatedannealingalgorithm\x64\release\simulatedannealingalgorithm.exe
c:\users\alexm\source\repos\simulatedannealingalgorithm\x64\release\simulatedannealingalgorithm.pdb
c:\users\alexm\source\repos\simulatedannealingalgorithm\simulatedannealingalgorithm\x64\release\simulatedannealingalgorithm.res
c:\users\alexm\source\repos\simulatedannealingalgorithm\simulatedannealingalgorithm\x64\release\simulatedannealingalgorithm.mainform.resources
c:\users\alexm\source\repos\simulatedannealingalgorithm\simulatedannealingalgorithm\x64\release\simulatedannealingalgorithm.vcxproj.generateresource.cache
c:\users\alexm\source\repos\simulatedannealingalgorithm\simulatedannealingalgorithm\x64\release\simulatedannealingalgorithm.vcxprojassemblyreference.cache
c:\users\alexm\source\repos\simulatedannealingalgorithm\simulatedannealingalgorithm\x64\release\simulate.5585923f.tlog\cl.command.1.tlog
c:\users\alexm\source\repos\simulatedannealingalgorithm\simulatedannealingalgorithm\x64\release\simulate.5585923f.tlog\cl.read.1.tlog
c:\users\alexm\source\repos\simulatedannealingalgorithm\simulatedannealingalgorithm\x64\release\simulate.5585923f.tlog\cl.write.1.tlog
c:\users\alexm\source\repos\simulatedannealingalgorithm\simulatedannealingalgorithm\x64\release\simulate.5585923f.tlog\link.command.1.tlog
c:\users\alexm\source\repos\simulatedannealingalgorithm\simulatedannealingalgorithm\x64\release\simulate.5585923f.tlog\link.delete.1.tlog
c:\users\alexm\source\repos\simulatedannealingalgorithm\simulatedannealingalgorithm\x64\release\simulate.5585923f.tlog\link.read.1.tlog
c:\users\alexm\source\repos\simulatedannealingalgorithm\simulatedannealingalgorithm\x64\release\simulate.5585923f.tlog\link.write.1.tlog
c:\users\alexm\source\repos\simulatedannealingalgorithm\simulatedannealingalgorithm\x64\release\simulate.5585923f.tlog\metagen.read.1.tlog
c:\users\alexm\source\repos\simulatedannealingalgorithm\simulatedannealingalgorithm\x64\release\simulate.5585923f.tlog\metagen.write.1.tlog
c:\users\alexm\source\repos\simulatedannealingalgorithm\simulatedannealingalgorithm\x64\release\simulate.5585923f.tlog\rc.command.1.tlog
c:\users\alexm\source\repos\simulatedannealingalgorithm\simulatedannealingalgorithm\x64\release\simulate.5585923f.tlog\rc.read.1.tlog
c:\users\alexm\source\repos\simulatedannealingalgorithm\simulatedannealingalgorithm\x64\release\simulate.5585923f.tlog\rc.write.1.tlog
c:\users\alexm\source\repos\simulatedannealingalgorithm\simulatedannealingalgorithm\x64\release\simulate.5585923f.tlog\simulatedannealingalgorithm.write.1u.tlog
